<?xml version="1.0" encoding="UTF-8"?>
<!-- Generated by org.testng.reporters.JUnitReportReporter -->
<testsuite hostname="DESKTOP-9UC7ON0" failures="0" tests="2" name="Rainbow.Login" time="61.983" errors="0" timestamp="2022-03-14T11:14:34 IST" skipped="0">
  <testcase classname="Rainbow.Login" name="search" time="8.189"/>
  <system-out/>
  <testcase classname="Rainbow.Login" name="login" time="53.794"/>
  <system-out/>
</testsuite> <!-- Rainbow.Login -->
